2026-03-16 15:10:59,274 [INFO] ccel-news: CCEL Daily News Pipeline started
2026-03-16 15:10:59,275 [INFO] ccel-news: Date: 2026-03-16 15:10:59
2026-03-16 15:10:59,275 [INFO] ccel-news: ============================================================
2026-03-16 15:10:59,275 [INFO] ccel-news: STEP 1: Collecting paper metadata...
2026-03-16 15:10:59,275 [INFO] ccel-news: ============================================================
2026-03-16 15:10:59,275 [INFO] collectors: ==================================================
2026-03-16 15:10:59,275 [INFO] collectors: Collecting from arXiv...
2026-03-16 15:10:59,276 [INFO] collectors.arxiv_collector: arXiv search: 'heterogeneous catalysis DFT'
2026-03-16 15:10:59,573 [INFO] collectors.arxiv_collector:   Fetched 0, accepted 0 (date-filtered)
2026-03-16 15:11:02,574 [INFO] collectors.arxiv_collector: arXiv search: 'machine learning interatomic potential'
2026-03-16 15:11:02,801 [INFO] collectors.arxiv_collector:   Fetched 30, accepted 0 (date-filtered)
2026-03-16 15:11:05,802 [INFO] collectors.arxiv_collector: arXiv search: 'PEMFC catalyst'
2026-03-16 15:11:05,907 [INFO] collectors.arxiv_collector:   Fetched 1, accepted 0 (date-filtered)
2026-03-16 15:11:08,908 [INFO] collectors.arxiv_collector: arXiv search: 'oxygen reduction reaction catalyst'
2026-03-16 15:11:08,989 [INFO] collectors.arxiv_collector:   Fetched 1, accepted 0 (date-filtered)
2026-03-16 15:11:11,989 [INFO] collectors.arxiv_collector: arXiv search: 'oxygen evolution reaction'
2026-03-16 15:11:12,086 [INFO] collectors.arxiv_collector:   Fetched 30, accepted 0 (date-filtered)
2026-03-16 15:11:15,087 [INFO] collectors.arxiv_collector: arXiv search: 'solid oxide fuel cell catalyst'
2026-03-16 15:11:15,181 [INFO] collectors.arxiv_collector:   Fetched 0, accepted 0 (date-filtered)
2026-03-16 15:11:18,182 [INFO] collectors.arxiv_collector: arXiv search: 'electrochemical CO2 reduction'
2026-03-16 15:11:18,290 [INFO] collectors.arxiv_collector:   Fetched 11, accepted 0 (date-filtered)
2026-03-16 15:11:21,291 [INFO] collectors.arxiv_collector: arXiv search: 'single atom catalyst'
2026-03-16 15:11:21,398 [INFO] collectors.arxiv_collector:   Fetched 30, accepted 0 (date-filtered)
2026-03-16 15:11:24,399 [INFO] collectors.arxiv_collector: arXiv search: 'high entropy alloy catalyst'
2026-03-16 15:11:24,612 [INFO] collectors.arxiv_collector:   Fetched 3, accepted 0 (date-filtered)
2026-03-16 15:11:27,612 [INFO] collectors.arxiv_collector: arXiv search: 'solid state battery electrolyte'
2026-03-16 15:11:27,692 [INFO] collectors.arxiv_collector:   Fetched 1, accepted 0 (date-filtered)
2026-03-16 15:11:30,694 [INFO] collectors.arxiv_collector: arXiv search: 'lithium ion battery cathode DFT'
2026-03-16 15:11:30,772 [INFO] collectors.arxiv_collector:   Fetched 0, accepted 0 (date-filtered)
2026-03-16 15:11:33,773 [INFO] collectors.arxiv_collector: arXiv search: 'machine learning force field'
2026-03-16 15:11:33,896 [INFO] collectors.arxiv_collector:   Fetched 30, accepted 0 (date-filtered)
2026-03-16 15:11:36,897 [INFO] collectors.arxiv_collector: arXiv search: 'graph neural network potential'
2026-03-16 15:11:36,981 [INFO] collectors.arxiv_collector:   Fetched 13, accepted 0 (date-filtered)
2026-03-16 15:11:39,981 [INFO] collectors.arxiv_collector: arXiv search: 'active learning molecular dynamics'
2026-03-16 15:11:40,082 [INFO] collectors.arxiv_collector:   Fetched 0, accepted 0 (date-filtered)
2026-03-16 15:11:43,083 [INFO] collectors.arxiv_collector: arXiv search: 'scaling relations catalysis'
2026-03-16 15:11:43,185 [INFO] collectors.arxiv_collector:   Fetched 0, accepted 0 (date-filtered)
2026-03-16 15:11:46,185 [INFO] collectors.arxiv_collector: arXiv total: 0 unique papers
2026-03-16 15:11:46,185 [INFO] collectors: ==================================================
2026-03-16 15:11:46,185 [INFO] collectors: Collecting from Semantic Scholar (groups)...
2026-03-16 15:11:46,186 [INFO] collectors.s2_collector: S2 author search: ccel (ID: 2257137686, 7d window)
2026-03-16 15:11:46,666 [INFO] collectors.s2_collector:   ccel: 0 papers in 7d window
2026-03-16 15:11:47,667 [INFO] collectors.s2_collector: S2 author search: norskov (ID: 1397051203, 7d window)
2026-03-16 15:11:48,031 [INFO] collectors.s2_collector:   norskov: 0 papers in 7d window
2026-03-16 15:11:49,032 [INFO] collectors.s2_collector: S2 author search: persson (ID: 2243399706, 7d window)
2026-03-16 15:11:49,909 [INFO] collectors.s2_collector:   persson: 0 papers in 7d window
2026-03-16 15:11:50,910 [INFO] collectors.s2_collector: S2 author search: curtarolo (ID: 3445901, 7d window)
2026-03-16 15:11:51,805 [INFO] collectors.s2_collector:   curtarolo: 0 papers in 7d window
2026-03-16 15:11:52,806 [INFO] collectors.s2_collector: S2 groups total: 0 papers
2026-03-16 15:11:52,806 [INFO] collectors: ==================================================
2026-03-16 15:11:52,806 [INFO] collectors: Collecting from RSS feeds...
2026-03-16 15:11:52,807 [INFO] collectors.rss_collector: RSS fetch: Nature Catalysis (no filter)
2026-03-16 15:11:52,863 [INFO] collectors.rss_collector:   Nature Catalysis: 8 parsed, 0 accepted
2026-03-16 15:11:53,864 [INFO] collectors.rss_collector: RSS fetch: Nature Energy (no filter)
2026-03-16 15:11:53,913 [INFO] collectors.rss_collector:   Nature Energy: 8 parsed, 1 accepted
2026-03-16 15:11:54,914 [INFO] collectors.rss_collector: RSS fetch: Nature Materials (keyword-filtered)
2026-03-16 15:11:54,967 [INFO] collectors.rss_collector:   Nature Materials: 8 parsed, 2 accepted
2026-03-16 15:11:55,969 [INFO] collectors.rss_collector: RSS fetch: Science (keyword-filtered)
2026-03-16 15:11:56,186 [INFO] collectors.rss_collector:   Science: 39 parsed, 0 accepted
2026-03-16 15:11:57,187 [INFO] collectors.rss_collector: RSS fetch: JACS (keyword-filtered)
2026-03-16 15:11:57,427 [INFO] collectors.rss_collector:   JACS: 106 parsed, 0 accepted
2026-03-16 15:11:58,428 [INFO] collectors.rss_collector: RSS fetch: ACS Catalysis (no filter)
2026-03-16 15:11:58,895 [INFO] collectors.rss_collector:   ACS Catalysis: 87 parsed, 0 accepted
2026-03-16 15:11:59,896 [INFO] collectors.rss_collector: RSS fetch: ACS Energy Letters (no filter)
2026-03-16 15:12:00,111 [INFO] collectors.rss_collector:   ACS Energy Letters: 61 parsed, 3 accepted
2026-03-16 15:12:01,112 [INFO] collectors.rss_collector: RSS fetch: Energy Environ. Sci. (no filter)
2026-03-16 15:12:03,145 [INFO] collectors.rss_collector:   Energy Environ. Sci.: 88 parsed, 0 accepted
2026-03-16 15:12:04,146 [INFO] collectors.rss_collector: RSS fetch: Joule (no filter)
2026-03-16 15:12:04,215 [ERROR] collectors.rss_collector:   RSS HTTP error for Joule: 403 Forbidden
2026-03-16 15:12:05,216 [INFO] collectors.rss_collector: RSS fetch: Advanced Energy Materials (no filter)
2026-03-16 15:12:05,332 [INFO] collectors.rss_collector:   Advanced Energy Materials: 119 parsed, 7 accepted
2026-03-16 15:12:06,334 [INFO] collectors.rss_collector: RSS total: 13 papers
2026-03-16 15:12:06,334 [INFO] collectors: ==================================================
2026-03-16 15:12:06,334 [INFO] collectors: Total collected: 13 unique papers
2026-03-16 15:12:06,334 [INFO] collectors:   CCEL group: 0
2026-03-16 15:12:06,335 [INFO] ccel-news: Collected 13 papers
2026-03-16 15:12:06,335 [INFO] ccel-news: ============================================================
2026-03-16 15:12:06,335 [INFO] ccel-news: STEP 2: Downloading PDFs...
2026-03-16 15:12:06,335 [INFO] ccel-news: ============================================================
2026-03-16 15:12:06,335 [INFO] downloader:   Downloading: 10_1002_aenm_202505262.pdf
2026-03-16 15:12:06,335 [INFO] downloader:     URL: https://onlinelibrary.wiley.com/doi/pdfdirect/10.1002/aenm.202505262
2026-03-16 15:12:06,412 [WARNING] downloader:     Access denied (403) - may not be subscribed
2026-03-16 15:12:06,413 [INFO] downloader:   Already exists: 10_1038_s41560-026-01965-3.pdf
2026-03-16 15:12:06,413 [INFO] downloader:   Already exists: 10_1038_s41563-026-02511-y.pdf
2026-03-16 15:12:06,413 [INFO] downloader:   Already exists: 10_1038_s41563-026-02501-0.pdf
2026-03-16 15:12:06,413 [INFO] downloader:   Downloading: 10_1021_acsenergylett_6c00508.pdf
2026-03-16 15:12:06,413 [INFO] downloader:     URL: https://pubs.acs.org/doi/pdf/10.1021/acsenergylett.6c00508
2026-03-16 15:12:06,474 [WARNING] downloader:     Access denied (403) - may not be subscribed
2026-03-16 15:12:06,475 [INFO] downloader:   Downloading: 10_1021_nzv011i003_2053540.pdf
2026-03-16 15:12:06,475 [INFO] downloader:     URL: https://pubs.acs.org/doi/pdf/10.1021/nzv011i003_2053540
2026-03-16 15:12:06,527 [WARNING] downloader:     Access denied (403) - may not be subscribed
2026-03-16 15:12:06,528 [INFO] downloader:   Downloading: 10_1021_nzv011i003_2053539.pdf
2026-03-16 15:12:06,528 [INFO] downloader:     URL: https://pubs.acs.org/doi/pdf/10.1021/nzv011i003_2053539
2026-03-16 15:12:06,604 [WARNING] downloader:     Access denied (403) - may not be subscribed
2026-03-16 15:12:06,604 [INFO] downloader:   Downloading: 10_1002_aenm_70831.pdf
2026-03-16 15:12:06,604 [INFO] downloader:     URL: https://onlinelibrary.wiley.com/doi/pdfdirect/10.1002/aenm.70831
2026-03-16 15:12:06,664 [WARNING] downloader:     Access denied (403) - may not be subscribed
2026-03-16 15:12:06,664 [INFO] downloader:   Downloading: 10_1002_aenm_70806.pdf
2026-03-16 15:12:06,665 [INFO] downloader:     URL: https://onlinelibrary.wiley.com/doi/pdfdirect/10.1002/aenm.70806
2026-03-16 15:12:06,709 [WARNING] downloader:     Access denied (403) - may not be subscribed
2026-03-16 15:12:06,710 [INFO] downloader:   Downloading: 10_1002_aenm_70833.pdf
2026-03-16 15:12:06,710 [INFO] downloader:     URL: https://onlinelibrary.wiley.com/doi/pdfdirect/10.1002/aenm.70833
2026-03-16 15:12:06,772 [WARNING] downloader:     Access denied (403) - may not be subscribed
2026-03-16 15:12:06,772 [INFO] downloader:   Downloading: 10_1002_aenm_70817.pdf
2026-03-16 15:12:06,773 [INFO] downloader:     URL: https://onlinelibrary.wiley.com/doi/pdfdirect/10.1002/aenm.70817
2026-03-16 15:12:06,820 [WARNING] downloader:     Access denied (403) - may not be subscribed
2026-03-16 15:12:06,820 [INFO] downloader:   Downloading: 10_1002_aenm_202506760.pdf
2026-03-16 15:12:06,821 [INFO] downloader:     URL: https://onlinelibrary.wiley.com/doi/pdfdirect/10.1002/aenm.202506760
2026-03-16 15:12:06,866 [WARNING] downloader:     Access denied (403) - may not be subscribed
2026-03-16 15:12:06,867 [INFO] downloader:   Downloading: 10_1002_aenm_70821.pdf
2026-03-16 15:12:06,867 [INFO] downloader:     URL: https://onlinelibrary.wiley.com/doi/pdfdirect/10.1002/aenm.70821
2026-03-16 15:12:06,915 [WARNING] downloader:     Access denied (403) - may not be subscribed
2026-03-16 15:12:06,916 [INFO] downloader: Download stats: {'total': 13, 'downloaded': 3, 'skipped': 0, 'failed': 10, 'limit_reached': False}
2026-03-16 15:12:06,916 [INFO] ccel-news: Download complete: {'total': 13, 'downloaded': 3, 'skipped': 0, 'failed': 10, 'limit_reached': False}
2026-03-16 15:12:06,917 [INFO] ccel-news: Saved 13 papers to data\news.json
2026-03-16 15:12:06,919 [INFO] ccel-news: History saved to data\history\news_20260316.json
2026-03-16 15:12:06,919 [INFO] ccel-news: ============================================================
2026-03-16 15:12:06,919 [INFO] ccel-news: Pipeline complete!
2026-03-16 15:12:06,919 [INFO] ccel-news:   Papers: 13
2026-03-16 15:12:06,919 [INFO] ccel-news:   CCEL: 0
2026-03-16 15:12:06,919 [INFO] ccel-news: ============================================================
