2026-03-16 14:57:07,557 [INFO] ccel-news: CCEL Daily News Pipeline started
2026-03-16 14:57:07,557 [INFO] ccel-news: Date: 2026-03-16 14:57:07
2026-03-16 14:57:07,557 [INFO] ccel-news: ============================================================
2026-03-16 14:57:07,557 [INFO] ccel-news: STEP 1: Collecting paper metadata...
2026-03-16 14:57:07,558 [INFO] ccel-news: ============================================================
2026-03-16 14:57:07,558 [INFO] collectors: ==================================================
2026-03-16 14:57:07,558 [INFO] collectors: Collecting from arXiv...
2026-03-16 14:57:07,558 [INFO] collectors.arxiv_collector: arXiv search: 'heterogeneous catalysis DFT' (category-filtered)
2026-03-16 14:57:08,160 [INFO] collectors.arxiv_collector:   Matched 0 relevant papers
2026-03-16 14:57:11,161 [INFO] collectors.arxiv_collector: arXiv search: 'machine learning interatomic potential' (category-filtered)
2026-03-16 14:57:11,187 [ERROR] collectors.arxiv_collector: arXiv API error for 'machine learning interatomic potential': [WinError 10054] 현재 연결은 원격 호스트에 의해 강제로 끊겼습니다
2026-03-16 14:57:14,188 [INFO] collectors.arxiv_collector: arXiv search: 'PEMFC catalyst' (category-filtered)
2026-03-16 14:57:14,228 [ERROR] collectors.arxiv_collector: arXiv API error for 'PEMFC catalyst': [WinError 10054] 현재 연결은 원격 호스트에 의해 강제로 끊겼습니다
2026-03-16 14:57:17,229 [INFO] collectors.arxiv_collector: arXiv search: 'oxygen reduction reaction catalyst' (category-filtered)
2026-03-16 14:57:17,265 [ERROR] collectors.arxiv_collector: arXiv API error for 'oxygen reduction reaction catalyst': [WinError 10054] 현재 연결은 원격 호스트에 의해 강제로 끊겼습니다
2026-03-16 14:57:20,266 [INFO] collectors.arxiv_collector: arXiv search: 'oxygen evolution reaction' (category-filtered)
2026-03-16 14:57:20,299 [ERROR] collectors.arxiv_collector: arXiv API error for 'oxygen evolution reaction': [WinError 10054] 현재 연결은 원격 호스트에 의해 강제로 끊겼습니다
2026-03-16 14:57:23,300 [INFO] collectors.arxiv_collector: arXiv search: 'solid oxide fuel cell catalyst' (category-filtered)
2026-03-16 14:57:23,338 [ERROR] collectors.arxiv_collector: arXiv API error for 'solid oxide fuel cell catalyst': [WinError 10054] 현재 연결은 원격 호스트에 의해 강제로 끊겼습니다
2026-03-16 14:57:26,339 [INFO] collectors.arxiv_collector: arXiv search: 'electrochemical CO2 reduction' (category-filtered)
2026-03-16 14:57:26,373 [ERROR] collectors.arxiv_collector: arXiv API error for 'electrochemical CO2 reduction': [WinError 10054] 현재 연결은 원격 호스트에 의해 강제로 끊겼습니다
2026-03-16 14:57:29,375 [INFO] collectors.arxiv_collector: arXiv search: 'single atom catalyst' (category-filtered)
2026-03-16 14:57:29,417 [ERROR] collectors.arxiv_collector: arXiv API error for 'single atom catalyst': [WinError 10054] 현재 연결은 원격 호스트에 의해 강제로 끊겼습니다
2026-03-16 14:57:32,418 [INFO] collectors.arxiv_collector: arXiv search: 'high entropy alloy catalyst' (category-filtered)
2026-03-16 14:57:32,447 [ERROR] collectors.arxiv_collector: arXiv API error for 'high entropy alloy catalyst': [WinError 10054] 현재 연결은 원격 호스트에 의해 강제로 끊겼습니다
2026-03-16 14:57:35,449 [INFO] collectors.arxiv_collector: arXiv search: 'solid state battery electrolyte' (category-filtered)
2026-03-16 14:57:35,487 [ERROR] collectors.arxiv_collector: arXiv API error for 'solid state battery electrolyte': [WinError 10054] 현재 연결은 원격 호스트에 의해 강제로 끊겼습니다
