2026-03-17 13:12:56,089 [INFO] ccel-news: CCEL Daily News Pipeline started
2026-03-17 13:12:56,089 [INFO] ccel-news: Date: 2026-03-17 13:12:56
2026-03-17 13:12:56,089 [INFO] ccel-news: ============================================================
2026-03-17 13:12:56,089 [INFO] ccel-news: STEP 1: Collecting paper metadata...
2026-03-17 13:12:56,089 [INFO] ccel-news: ============================================================
2026-03-17 13:12:56,089 [INFO] collectors: ==================================================
2026-03-17 13:12:56,089 [INFO] collectors: Collecting from arXiv...
2026-03-17 13:12:56,093 [INFO] collectors.arxiv_collector: arXiv search: 'heterogeneous catalysis DFT'
2026-03-17 13:12:56,442 [INFO] collectors.arxiv_collector:   Fetched 0, date-ok 0, category-ok 0
2026-03-17 13:12:59,444 [INFO] collectors.arxiv_collector: arXiv search: 'machine learning interatomic potential'
2026-03-17 13:12:59,612 [INFO] collectors.arxiv_collector:   Fetched 30, date-ok 3, category-ok 3
2026-03-17 13:13:02,613 [INFO] collectors.arxiv_collector: arXiv search: 'PEMFC catalyst'
2026-03-17 13:13:02,696 [INFO] collectors.arxiv_collector:   Fetched 1, date-ok 0, category-ok 0
2026-03-17 13:13:05,697 [INFO] collectors.arxiv_collector: arXiv search: 'oxygen reduction reaction catalyst'
2026-03-17 13:13:05,775 [INFO] collectors.arxiv_collector:   Fetched 1, date-ok 0, category-ok 0
2026-03-17 13:13:08,776 [INFO] collectors.arxiv_collector: arXiv search: 'oxygen evolution reaction'
2026-03-17 13:13:08,912 [INFO] collectors.arxiv_collector:   Fetched 30, date-ok 0, category-ok 0
2026-03-17 13:13:11,913 [INFO] collectors.arxiv_collector: arXiv search: 'solid oxide fuel cell catalyst'
2026-03-17 13:13:12,017 [INFO] collectors.arxiv_collector:   Fetched 0, date-ok 0, category-ok 0
2026-03-17 13:13:15,018 [INFO] collectors.arxiv_collector: arXiv search: 'electrochemical CO2 reduction'
2026-03-17 13:13:15,103 [INFO] collectors.arxiv_collector:   Fetched 11, date-ok 0, category-ok 0
2026-03-17 13:13:18,104 [INFO] collectors.arxiv_collector: arXiv search: 'single atom catalyst'
2026-03-17 13:13:18,228 [INFO] collectors.arxiv_collector:   Fetched 30, date-ok 0, category-ok 0
2026-03-17 13:13:21,229 [INFO] collectors.arxiv_collector: arXiv search: 'high entropy alloy catalyst'
2026-03-17 13:13:21,318 [INFO] collectors.arxiv_collector:   Fetched 3, date-ok 0, category-ok 0
2026-03-17 13:13:24,319 [INFO] collectors.arxiv_collector: arXiv search: 'solid state battery electrolyte'
2026-03-17 13:13:24,393 [INFO] collectors.arxiv_collector:   Fetched 1, date-ok 0, category-ok 0
2026-03-17 13:13:27,394 [INFO] collectors.arxiv_collector: arXiv search: 'lithium ion battery cathode DFT'
2026-03-17 13:13:27,502 [INFO] collectors.arxiv_collector:   Fetched 0, date-ok 0, category-ok 0
2026-03-17 13:13:30,502 [INFO] collectors.arxiv_collector: arXiv search: 'machine learning force field'
2026-03-17 13:13:30,600 [INFO] collectors.arxiv_collector:   Fetched 30, date-ok 1, category-ok 1
2026-03-17 13:13:33,600 [INFO] collectors.arxiv_collector: arXiv search: 'graph neural network potential'
2026-03-17 13:13:33,715 [INFO] collectors.arxiv_collector:   Fetched 13, date-ok 0, category-ok 0
2026-03-17 13:13:36,716 [INFO] collectors.arxiv_collector: arXiv search: 'active learning molecular dynamics'
2026-03-17 13:13:36,794 [INFO] collectors.arxiv_collector:   Fetched 0, date-ok 0, category-ok 0
2026-03-17 13:13:39,795 [INFO] collectors.arxiv_collector: arXiv search: 'scaling relations catalysis'
2026-03-17 13:13:39,889 [INFO] collectors.arxiv_collector:   Fetched 0, date-ok 0, category-ok 0
2026-03-17 13:13:42,890 [INFO] collectors.arxiv_collector: arXiv total: 4 unique relevant papers
2026-03-17 13:13:42,890 [INFO] collectors: ==================================================
2026-03-17 13:13:42,890 [INFO] collectors: Collecting from Semantic Scholar (groups)...
2026-03-17 13:13:42,890 [INFO] collectors.s2_collector: S2 author search: ccel (ID: 2257137686, 30d window)
2026-03-17 13:13:43,356 [INFO] collectors.s2_collector:   ccel: 0 papers in 30d window
2026-03-17 13:13:44,358 [INFO] collectors.s2_collector: S2 author search: norskov (ID: 1397051203, 30d window)
2026-03-17 13:13:45,244 [INFO] collectors.s2_collector:   norskov: 0 papers in 30d window
2026-03-17 13:13:46,245 [INFO] collectors.s2_collector: S2 author search: persson (ID: 2243399706, 30d window)
2026-03-17 13:13:47,076 [INFO] collectors.s2_collector:   persson: 0 papers in 30d window
2026-03-17 13:13:48,077 [INFO] collectors.s2_collector: S2 author search: curtarolo (ID: 3445901, 30d window)
2026-03-17 13:13:48,940 [INFO] collectors.s2_collector:   curtarolo: 1 papers in 30d window
2026-03-17 13:13:49,941 [INFO] collectors.s2_collector: S2 groups total: 1 papers
2026-03-17 13:13:49,942 [INFO] collectors: ==================================================
2026-03-17 13:13:49,942 [INFO] collectors: Collecting from RSS feeds...
2026-03-17 13:13:49,942 [INFO] collectors.rss_collector: RSS fetch: Nature Catalysis (no filter)
2026-03-17 13:13:49,993 [INFO] collectors.rss_collector:   Nature Catalysis: 8 parsed, 8 accepted
2026-03-17 13:13:50,994 [INFO] collectors.rss_collector: RSS fetch: Nature Energy (no filter)
2026-03-17 13:13:51,055 [INFO] collectors.rss_collector:   Nature Energy: 8 parsed, 8 accepted
2026-03-17 13:13:52,056 [INFO] collectors.rss_collector: RSS fetch: Nature Materials (keyword-filtered)
2026-03-17 13:13:52,122 [INFO] collectors.rss_collector:   Nature Materials: 8 parsed, 2 accepted
2026-03-17 13:13:53,123 [INFO] collectors.rss_collector: RSS fetch: Science (keyword-filtered)
2026-03-17 13:13:53,362 [INFO] collectors.rss_collector:   Science: 39 parsed, 12 accepted
2026-03-17 13:13:54,362 [INFO] collectors.rss_collector: RSS fetch: JACS (keyword-filtered)
2026-03-17 13:13:54,718 [INFO] collectors.rss_collector:   JACS: 106 parsed, 68 accepted
2026-03-17 13:13:55,719 [INFO] collectors.rss_collector: RSS fetch: ACS Catalysis (no filter)
2026-03-17 13:13:56,960 [INFO] collectors.rss_collector:   ACS Catalysis: 87 parsed, 69 accepted
2026-03-17 13:13:57,962 [INFO] collectors.rss_collector: RSS fetch: ACS Energy Letters (no filter)
2026-03-17 13:13:58,330 [INFO] collectors.rss_collector:   ACS Energy Letters: 61 parsed, 35 accepted
2026-03-17 13:13:59,331 [INFO] collectors.rss_collector: RSS fetch: Energy Environ. Sci. (no filter)
2026-03-17 13:14:01,422 [INFO] collectors.rss_collector:   Energy Environ. Sci.: 88 parsed, 37 accepted
2026-03-17 13:14:02,422 [INFO] collectors.rss_collector: RSS fetch: Joule (no filter)
2026-03-17 13:14:02,478 [ERROR] collectors.rss_collector:   RSS HTTP error for Joule: 403 Forbidden
2026-03-17 13:14:03,480 [INFO] collectors.rss_collector: RSS fetch: Advanced Energy Materials (no filter)
2026-03-17 13:14:03,591 [INFO] collectors.rss_collector:   Advanced Energy Materials: 119 parsed, 119 accepted
2026-03-17 13:14:04,593 [INFO] collectors.rss_collector: RSS total: 358 papers
2026-03-17 13:14:04,593 [INFO] collectors: ==================================================
2026-03-17 13:14:04,593 [INFO] collectors: Total collected: 363 unique papers
2026-03-17 13:14:04,594 [INFO] collectors:   CCEL group: 0
2026-03-17 13:14:04,594 [INFO] ccel-news: Collected 363 papers
2026-03-17 13:14:04,594 [INFO] ccel-news: ============================================================
2026-03-17 13:14:04,594 [INFO] ccel-news: STEP 2: Downloading PDFs...
2026-03-17 13:14:04,594 [INFO] ccel-news: ============================================================
2026-03-17 13:14:04,594 [INFO] downloader:   Downloading: arxiv_2603.15503v1.pdf
2026-03-17 13:14:04,595 [INFO] downloader:     URL: https://arxiv.org/pdf/2603.15503v1
2026-03-17 13:14:04,634 [WARNING] downloader:     Not found (404/urllib)
2026-03-17 13:14:04,635 [INFO] downloader:   Downloading: arxiv_2603.14700v1.pdf
2026-03-17 13:14:04,635 [INFO] downloader:     URL: https://arxiv.org/pdf/2603.14700v1
2026-03-17 13:14:04,687 [WARNING] downloader:     Not found (404/urllib)
2026-03-17 13:14:04,687 [INFO] downloader:   Already exists: arxiv_2603.14747v1.pdf
2026-03-17 13:14:04,688 [INFO] downloader:   Already exists: 10_1038_s41929-026-01501-2.pdf
2026-03-17 13:14:04,688 [INFO] downloader:   Downloading: 10_1039_D5EE07230A.pdf
2026-03-17 13:14:04,688 [INFO] downloader:     URL: https://pubs.rsc.org/en/content/articlepdf/D5EE07230A
2026-03-17 13:14:04,690 [INFO] downloader: Selenium is available
2026-03-17 13:14:07,413 [INFO] downloader: Chrome WebDriver initialized (headless)
2026-03-17 13:14:07,413 [INFO] downloader:     Selenium navigating to PDF...
2026-03-17 13:14:11,839 [INFO] downloader:     Success (selenium/CDP): 147312 bytes
2026-03-17 13:14:19,840 [INFO] downloader:   Downloading: 10_1002_aenm_70835.pdf
2026-03-17 13:14:19,840 [INFO] downloader:     URL: https://onlinelibrary.wiley.com/doi/pdfdirect/10.1002/aenm.70835
2026-03-17 13:14:19,840 [INFO] downloader:     Selenium navigating to PDF...
2026-03-17 13:14:26,228 [INFO] downloader:     Success (selenium/CDP): 147312 bytes
2026-03-17 13:14:34,229 [INFO] downloader:   Downloading: 10_1002_aenm_202504508.pdf
2026-03-17 13:14:34,229 [INFO] downloader:     URL: https://onlinelibrary.wiley.com/doi/pdfdirect/10.1002/aenm.202504508
2026-03-17 13:14:34,229 [INFO] downloader:     Selenium navigating to PDF...
2026-03-17 13:14:37,883 [INFO] downloader:     Success (selenium/CDP): 147312 bytes
2026-03-17 13:14:45,885 [INFO] downloader:   Downloading: 10_1002_aenm_70803.pdf
2026-03-17 13:14:45,885 [INFO] downloader:     URL: https://onlinelibrary.wiley.com/doi/pdfdirect/10.1002/aenm.70803
2026-03-17 13:14:45,885 [INFO] downloader:     Selenium navigating to PDF...
2026-03-17 13:14:49,696 [INFO] downloader:     Success (selenium/CDP): 147312 bytes
2026-03-17 13:14:57,697 [INFO] downloader:   Downloading: 10_1002_aenm_202506006.pdf
2026-03-17 13:14:57,697 [INFO] downloader:     URL: https://onlinelibrary.wiley.com/doi/pdfdirect/10.1002/aenm.202506006
2026-03-17 13:14:57,697 [INFO] downloader:     Selenium navigating to PDF...
2026-03-17 13:15:01,341 [INFO] downloader:     Success (selenium/CDP): 147312 bytes
2026-03-17 13:15:09,342 [INFO] downloader:   Downloading: 10_1002_aenm_70842.pdf
2026-03-17 13:15:09,342 [INFO] downloader:     URL: https://onlinelibrary.wiley.com/doi/pdfdirect/10.1002/aenm.70842
2026-03-17 13:15:09,342 [INFO] downloader:     Selenium navigating to PDF...
2026-03-17 13:15:13,018 [INFO] downloader:     Success (selenium/CDP): 147312 bytes
2026-03-17 13:15:21,020 [INFO] downloader:   Downloading: 10_1002_aenm_202506748.pdf
2026-03-17 13:15:21,020 [INFO] downloader:     URL: https://onlinelibrary.wiley.com/doi/pdfdirect/10.1002/aenm.202506748
2026-03-17 13:15:21,020 [INFO] downloader:     Selenium navigating to PDF...
2026-03-17 13:15:24,689 [INFO] downloader:     Success (selenium/CDP): 147312 bytes
2026-03-17 13:15:32,690 [INFO] downloader:   Already exists: arxiv_2603.13705v1.pdf
2026-03-17 13:15:32,690 [INFO] downloader:   Downloading: 10_1002_aenm_202505262.pdf
2026-03-17 13:15:32,691 [INFO] downloader:     URL: https://onlinelibrary.wiley.com/doi/pdfdirect/10.1002/aenm.202505262
2026-03-17 13:15:32,691 [INFO] downloader:     Selenium navigating to PDF...
2026-03-17 13:15:36,409 [INFO] downloader:     Success (selenium/CDP): 147312 bytes
2026-03-17 13:15:44,409 [INFO] downloader:   Already exists: 10_1038_s41560-026-01965-3.pdf
2026-03-17 13:15:44,409 [INFO] downloader:   Already exists: 10_1038_s41563-026-02511-y.pdf
2026-03-17 13:15:44,410 [INFO] downloader:   Already exists: 10_1038_s41563-026-02501-0.pdf
2026-03-17 13:15:44,410 [INFO] downloader:   Downloading: 10_1021_acsenergylett_6c00508.pdf
2026-03-17 13:15:44,410 [INFO] downloader:     URL: https://pubs.acs.org/doi/pdf/10.1021/acsenergylett.6c00508
2026-03-17 13:15:44,410 [INFO] downloader:     Selenium navigating to PDF...
2026-03-17 13:15:47,813 [INFO] downloader:     Success (selenium/CDP): 147312 bytes
2026-03-17 13:15:55,814 [INFO] downloader:   Downloading: 10_1021_nzv011i003_2053540.pdf
2026-03-17 13:15:55,814 [INFO] downloader:     URL: https://pubs.acs.org/doi/pdf/10.1021/nzv011i003_2053540
2026-03-17 13:15:55,814 [INFO] downloader:     Selenium navigating to PDF...
2026-03-17 13:15:59,173 [INFO] downloader:     Success (selenium/CDP): 147312 bytes
2026-03-17 13:16:07,174 [INFO] downloader:   Downloading: 10_1021_nzv011i003_2053539.pdf
2026-03-17 13:16:07,174 [INFO] downloader:     URL: https://pubs.acs.org/doi/pdf/10.1021/nzv011i003_2053539
2026-03-17 13:16:07,174 [INFO] downloader:     Selenium navigating to PDF...
2026-03-17 13:16:10,557 [INFO] downloader:     Success (selenium/CDP): 147312 bytes
2026-03-17 13:16:18,558 [INFO] downloader:   Downloading: 10_1002_aenm_70831.pdf
2026-03-17 13:16:18,558 [INFO] downloader:     URL: https://onlinelibrary.wiley.com/doi/pdfdirect/10.1002/aenm.70831
2026-03-17 13:16:18,558 [INFO] downloader:     Selenium navigating to PDF...
2026-03-17 13:16:22,311 [INFO] downloader:     Success (selenium/CDP): 147312 bytes
2026-03-17 13:16:30,313 [INFO] downloader:   Downloading: 10_1002_aenm_70806.pdf
2026-03-17 13:16:30,313 [INFO] downloader:     URL: https://onlinelibrary.wiley.com/doi/pdfdirect/10.1002/aenm.70806
2026-03-17 13:16:30,313 [INFO] downloader:     Selenium navigating to PDF...
2026-03-17 13:16:34,002 [INFO] downloader:     Success (selenium/CDP): 147312 bytes
2026-03-17 13:16:42,003 [INFO] downloader:   Downloading: 10_1002_aenm_70833.pdf
2026-03-17 13:16:42,003 [INFO] downloader:     URL: https://onlinelibrary.wiley.com/doi/pdfdirect/10.1002/aenm.70833
2026-03-17 13:16:42,003 [INFO] downloader:     Selenium navigating to PDF...
2026-03-17 13:16:45,778 [INFO] downloader:     Success (selenium/CDP): 147312 bytes
2026-03-17 13:16:53,780 [INFO] downloader:   Downloading: 10_1002_aenm_70817.pdf
2026-03-17 13:16:53,780 [INFO] downloader:     URL: https://onlinelibrary.wiley.com/doi/pdfdirect/10.1002/aenm.70817
2026-03-17 13:16:53,780 [INFO] downloader:     Selenium navigating to PDF...
2026-03-17 13:16:58,257 [INFO] downloader:     Success (selenium/CDP): 147312 bytes
2026-03-17 13:17:06,258 [INFO] downloader:   Downloading: 10_1002_aenm_202506760.pdf
2026-03-17 13:17:06,258 [INFO] downloader:     URL: https://onlinelibrary.wiley.com/doi/pdfdirect/10.1002/aenm.202506760
2026-03-17 13:17:06,258 [INFO] downloader:     Selenium navigating to PDF...
2026-03-17 13:17:09,916 [INFO] downloader:     Success (selenium/CDP): 147312 bytes
2026-03-17 13:17:17,916 [INFO] downloader:   Downloading: 10_1002_aenm_70821.pdf
2026-03-17 13:17:17,917 [INFO] downloader:     URL: https://onlinelibrary.wiley.com/doi/pdfdirect/10.1002/aenm.70821
2026-03-17 13:17:17,917 [INFO] downloader:     Selenium navigating to PDF...
2026-03-17 13:17:21,601 [INFO] downloader:     Success (selenium/CDP): 147312 bytes
2026-03-17 13:17:29,602 [INFO] downloader:   Already exists: 10_1038_s41560-026-01978-y.pdf
2026-03-17 13:17:29,603 [INFO] downloader:   Downloading: 10_1126_science_adu9988.pdf
2026-03-17 13:17:29,603 [INFO] downloader:     URL: https://www.science.org/doi/pdf/10.1126/science.adu9988
2026-03-17 13:17:29,603 [INFO] downloader:     Selenium navigating to PDF...
2026-03-17 13:17:33,099 [INFO] downloader:     Success (selenium/CDP): 147312 bytes
2026-03-17 13:17:41,100 [INFO] downloader:   Downloading: 10_1126_science_adx9367.pdf
2026-03-17 13:17:41,100 [INFO] downloader:     URL: https://www.science.org/doi/pdf/10.1126/science.adx9367
2026-03-17 13:17:41,100 [INFO] downloader:     Selenium navigating to PDF...
