2026-03-16 15:07:51,712 [INFO] ccel-news: CCEL Daily News Pipeline started
2026-03-16 15:07:51,712 [INFO] ccel-news: Date: 2026-03-16 15:07:51
2026-03-16 15:07:51,712 [INFO] ccel-news: ============================================================
2026-03-16 15:07:51,712 [INFO] ccel-news: STEP 1: Collecting paper metadata...
2026-03-16 15:07:51,713 [INFO] ccel-news: ============================================================
2026-03-16 15:07:51,713 [INFO] collectors: ==================================================
2026-03-16 15:07:51,713 [INFO] collectors: Collecting from arXiv...
2026-03-16 15:07:51,713 [INFO] collectors.arxiv_collector: arXiv search: 'heterogeneous catalysis DFT'
2026-03-16 15:07:52,094 [INFO] collectors.arxiv_collector:   Fetched 0, accepted 0 (date-filtered)
2026-03-16 15:07:55,095 [INFO] collectors.arxiv_collector: arXiv search: 'machine learning interatomic potential'
2026-03-16 15:07:55,250 [INFO] collectors.arxiv_collector:   Fetched 30, accepted 0 (date-filtered)
2026-03-16 15:07:58,252 [INFO] collectors.arxiv_collector: arXiv search: 'PEMFC catalyst'
2026-03-16 15:07:58,327 [INFO] collectors.arxiv_collector:   Fetched 1, accepted 0 (date-filtered)
2026-03-16 15:08:01,328 [INFO] collectors.arxiv_collector: arXiv search: 'oxygen reduction reaction catalyst'
2026-03-16 15:08:01,415 [INFO] collectors.arxiv_collector:   Fetched 1, accepted 0 (date-filtered)
2026-03-16 15:08:04,416 [INFO] collectors.arxiv_collector: arXiv search: 'oxygen evolution reaction'
2026-03-16 15:08:04,507 [INFO] collectors.arxiv_collector:   Fetched 30, accepted 0 (date-filtered)
2026-03-16 15:08:07,507 [INFO] collectors.arxiv_collector: arXiv search: 'solid oxide fuel cell catalyst'
2026-03-16 15:08:07,606 [INFO] collectors.arxiv_collector:   Fetched 0, accepted 0 (date-filtered)
2026-03-16 15:08:10,607 [INFO] collectors.arxiv_collector: arXiv search: 'electrochemical CO2 reduction'
2026-03-16 15:08:10,699 [INFO] collectors.arxiv_collector:   Fetched 11, accepted 0 (date-filtered)
2026-03-16 15:08:13,700 [INFO] collectors.arxiv_collector: arXiv search: 'single atom catalyst'
2026-03-16 15:08:13,819 [INFO] collectors.arxiv_collector:   Fetched 30, accepted 0 (date-filtered)
2026-03-16 15:08:16,819 [INFO] collectors.arxiv_collector: arXiv search: 'high entropy alloy catalyst'
2026-03-16 15:08:16,916 [INFO] collectors.arxiv_collector:   Fetched 3, accepted 0 (date-filtered)
2026-03-16 15:08:19,917 [INFO] collectors.arxiv_collector: arXiv search: 'solid state battery electrolyte'
2026-03-16 15:08:20,006 [INFO] collectors.arxiv_collector:   Fetched 1, accepted 0 (date-filtered)
2026-03-16 15:08:23,007 [INFO] collectors.arxiv_collector: arXiv search: 'lithium ion battery cathode DFT'
2026-03-16 15:08:23,145 [INFO] collectors.arxiv_collector:   Fetched 0, accepted 0 (date-filtered)
2026-03-16 15:08:26,145 [INFO] collectors.arxiv_collector: arXiv search: 'machine learning force field'
2026-03-16 15:08:26,302 [INFO] collectors.arxiv_collector:   Fetched 30, accepted 0 (date-filtered)
2026-03-16 15:08:29,303 [INFO] collectors.arxiv_collector: arXiv search: 'graph neural network potential'
2026-03-16 15:08:29,436 [INFO] collectors.arxiv_collector:   Fetched 13, accepted 0 (date-filtered)
2026-03-16 15:08:32,437 [INFO] collectors.arxiv_collector: arXiv search: 'active learning molecular dynamics'
2026-03-16 15:08:32,520 [INFO] collectors.arxiv_collector:   Fetched 0, accepted 0 (date-filtered)
2026-03-16 15:08:35,521 [INFO] collectors.arxiv_collector: arXiv search: 'scaling relations catalysis'
2026-03-16 15:08:35,623 [INFO] collectors.arxiv_collector:   Fetched 0, accepted 0 (date-filtered)
2026-03-16 15:08:38,623 [INFO] collectors.arxiv_collector: arXiv total: 0 unique papers
2026-03-16 15:08:38,623 [INFO] collectors: ==================================================
2026-03-16 15:08:38,623 [INFO] collectors: Collecting from Semantic Scholar (groups)...
2026-03-16 15:08:38,623 [INFO] collectors.s2_collector: S2 author search: ccel (ID: 2257137686, 7d window)
2026-03-16 15:08:39,106 [INFO] collectors.s2_collector:   ccel: 0 papers in 7d window
2026-03-16 15:08:40,107 [INFO] collectors.s2_collector: S2 author search: norskov (ID: 1397051203, 7d window)
2026-03-16 15:08:40,994 [INFO] collectors.s2_collector:   norskov: 0 papers in 7d window
2026-03-16 15:08:41,995 [INFO] collectors.s2_collector: S2 author search: persson (ID: 2243399706, 7d window)
2026-03-16 15:08:42,835 [INFO] collectors.s2_collector:   persson: 0 papers in 7d window
2026-03-16 15:08:43,836 [INFO] collectors.s2_collector: S2 author search: curtarolo (ID: 3445901, 7d window)
2026-03-16 15:08:44,204 [INFO] collectors.s2_collector:   curtarolo: 0 papers in 7d window
2026-03-16 15:08:45,206 [INFO] collectors.s2_collector: S2 groups total: 0 papers
2026-03-16 15:08:45,206 [INFO] collectors: ==================================================
2026-03-16 15:08:45,206 [INFO] collectors: Collecting from RSS feeds...
2026-03-16 15:08:45,206 [INFO] collectors.rss_collector: RSS fetch: Nature Catalysis (no filter)
2026-03-16 15:08:45,254 [INFO] collectors.rss_collector:   Nature Catalysis: 8 parsed, 0 accepted
2026-03-16 15:08:46,255 [INFO] collectors.rss_collector: RSS fetch: Nature Energy (no filter)
2026-03-16 15:08:46,300 [INFO] collectors.rss_collector:   Nature Energy: 8 parsed, 1 accepted
2026-03-16 15:08:47,301 [INFO] collectors.rss_collector: RSS fetch: Nature Materials (keyword-filtered)
2026-03-16 15:08:47,365 [INFO] collectors.rss_collector:   Nature Materials: 8 parsed, 2 accepted
2026-03-16 15:08:48,366 [INFO] collectors.rss_collector: RSS fetch: Science (keyword-filtered)
2026-03-16 15:08:48,585 [INFO] collectors.rss_collector:   Science: 39 parsed, 0 accepted
2026-03-16 15:08:49,586 [INFO] collectors.rss_collector: RSS fetch: JACS (keyword-filtered)
2026-03-16 15:08:49,854 [INFO] collectors.rss_collector:   JACS: 106 parsed, 0 accepted
2026-03-16 15:08:50,854 [INFO] collectors.rss_collector: RSS fetch: ACS Catalysis (no filter)
2026-03-16 15:08:52,134 [INFO] collectors.rss_collector:   ACS Catalysis: 87 parsed, 0 accepted
2026-03-16 15:08:53,135 [INFO] collectors.rss_collector: RSS fetch: ACS Energy Letters (no filter)
2026-03-16 15:08:53,506 [INFO] collectors.rss_collector:   ACS Energy Letters: 61 parsed, 3 accepted
2026-03-16 15:08:54,506 [INFO] collectors.rss_collector: RSS fetch: Energy Environ. Sci. (no filter)
2026-03-16 15:08:55,633 [INFO] collectors.rss_collector:   Energy Environ. Sci.: 88 parsed, 0 accepted
2026-03-16 15:08:56,634 [INFO] collectors.rss_collector: RSS fetch: Joule (no filter)
2026-03-16 15:08:56,738 [ERROR] collectors.rss_collector:   RSS HTTP error for Joule: 403 Forbidden
2026-03-16 15:08:57,740 [INFO] collectors.rss_collector: RSS fetch: Advanced Energy Materials (no filter)
2026-03-16 15:08:57,845 [INFO] collectors.rss_collector:   Advanced Energy Materials: 119 parsed, 7 accepted
2026-03-16 15:08:58,845 [INFO] collectors.rss_collector: RSS total: 13 papers
2026-03-16 15:08:58,845 [INFO] collectors: ==================================================
2026-03-16 15:08:58,846 [INFO] collectors: Total collected: 13 unique papers
2026-03-16 15:08:58,846 [INFO] collectors:   CCEL group: 0
2026-03-16 15:08:58,846 [INFO] ccel-news: Collected 13 papers
2026-03-16 15:08:58,846 [INFO] ccel-news: ============================================================
2026-03-16 15:08:58,846 [INFO] ccel-news: STEP 2: Downloading PDFs...
2026-03-16 15:08:58,846 [INFO] ccel-news: ============================================================
2026-03-16 15:08:58,847 [INFO] downloader:   Downloading: 10_1002_aenm_202505262.pdf
2026-03-16 15:08:58,847 [INFO] downloader:     URL: https://onlinelibrary.wiley.com/doi/pdfdirect/10.1002/aenm.202505262
2026-03-16 15:08:58,926 [WARNING] downloader:     Access denied (403) - may not be subscribed
2026-03-16 15:08:58,926 [INFO] downloader:   Already exists: 10_1038_s41560-026-01965-3.pdf
2026-03-16 15:08:58,927 [INFO] downloader:   Already exists: 10_1038_s41563-026-02511-y.pdf
2026-03-16 15:08:58,927 [INFO] downloader:   Already exists: 10_1038_s41563-026-02501-0.pdf
2026-03-16 15:08:58,927 [INFO] downloader:   Downloading: 10_1021_acsenergylett_6c00508.pdf
2026-03-16 15:08:58,927 [INFO] downloader:     URL: https://pubs.acs.org/doi/pdf/10.1021/acsenergylett.6c00508
2026-03-16 15:08:59,038 [WARNING] downloader:     Access denied (403) - may not be subscribed
2026-03-16 15:08:59,038 [INFO] downloader:   Downloading: 10_1021_nzv011i003_2053540.pdf
2026-03-16 15:08:59,039 [INFO] downloader:     URL: https://pubs.acs.org/doi/pdf/10.1021/nzv011i003_2053540
2026-03-16 15:08:59,087 [WARNING] downloader:     Access denied (403) - may not be subscribed
2026-03-16 15:08:59,087 [INFO] downloader:   Downloading: 10_1021_nzv011i003_2053539.pdf
2026-03-16 15:08:59,088 [INFO] downloader:     URL: https://pubs.acs.org/doi/pdf/10.1021/nzv011i003_2053539
2026-03-16 15:08:59,149 [WARNING] downloader:     Access denied (403) - may not be subscribed
2026-03-16 15:08:59,150 [INFO] downloader:   Downloading: 10_1002_aenm_70831.pdf
2026-03-16 15:08:59,150 [INFO] downloader:     URL: https://onlinelibrary.wiley.com/doi/pdfdirect/10.1002/aenm.70831
2026-03-16 15:08:59,194 [WARNING] downloader:     Access denied (403) - may not be subscribed
2026-03-16 15:08:59,195 [INFO] downloader:   Downloading: 10_1002_aenm_70806.pdf
2026-03-16 15:08:59,195 [INFO] downloader:     URL: https://onlinelibrary.wiley.com/doi/pdfdirect/10.1002/aenm.70806
2026-03-16 15:08:59,245 [WARNING] downloader:     Access denied (403) - may not be subscribed
2026-03-16 15:08:59,246 [INFO] downloader:   Downloading: 10_1002_aenm_70833.pdf
2026-03-16 15:08:59,246 [INFO] downloader:     URL: https://onlinelibrary.wiley.com/doi/pdfdirect/10.1002/aenm.70833
2026-03-16 15:08:59,318 [WARNING] downloader:     Access denied (403) - may not be subscribed
2026-03-16 15:08:59,318 [INFO] downloader:   Downloading: 10_1002_aenm_70817.pdf
2026-03-16 15:08:59,318 [INFO] downloader:     URL: https://onlinelibrary.wiley.com/doi/pdfdirect/10.1002/aenm.70817
2026-03-16 15:08:59,367 [WARNING] downloader:     Access denied (403) - may not be subscribed
2026-03-16 15:08:59,367 [INFO] downloader:   Downloading: 10_1002_aenm_202506760.pdf
2026-03-16 15:08:59,367 [INFO] downloader:     URL: https://onlinelibrary.wiley.com/doi/pdfdirect/10.1002/aenm.202506760
2026-03-16 15:08:59,414 [WARNING] downloader:     Access denied (403) - may not be subscribed
2026-03-16 15:08:59,414 [INFO] downloader:   Downloading: 10_1002_aenm_70821.pdf
2026-03-16 15:08:59,414 [INFO] downloader:     URL: https://onlinelibrary.wiley.com/doi/pdfdirect/10.1002/aenm.70821
2026-03-16 15:08:59,481 [WARNING] downloader:     Access denied (403) - may not be subscribed
2026-03-16 15:08:59,482 [INFO] downloader: Download stats: {'total': 13, 'downloaded': 3, 'skipped': 0, 'failed': 10, 'limit_reached': False}
2026-03-16 15:08:59,482 [INFO] ccel-news: Download complete: {'total': 13, 'downloaded': 3, 'skipped': 0, 'failed': 10, 'limit_reached': False}
2026-03-16 15:08:59,483 [INFO] ccel-news: Saved 13 papers to data\news.json
2026-03-16 15:08:59,485 [INFO] ccel-news: History saved to data\history\news_20260316.json
2026-03-16 15:08:59,485 [INFO] ccel-news: ============================================================
2026-03-16 15:08:59,485 [INFO] ccel-news: Pipeline complete!
2026-03-16 15:08:59,485 [INFO] ccel-news:   Papers: 13
2026-03-16 15:08:59,485 [INFO] ccel-news:   CCEL: 0
2026-03-16 15:08:59,485 [INFO] ccel-news: ============================================================
